<!DOCTYPE html>
<html>
<head>
<meta http-equiv="Content-Type" content="text/html; charset=utf-8"/>
<meta http-equiv="x-ua-compatible" content="IE=edge"/>
<title>Test results - Class tests.AddContactTest</title>
<link href="../css/base-style.css" rel="stylesheet" type="text/css"/>
<link href="../css/style.css" rel="stylesheet" type="text/css"/>
<script src="../js/report.js" type="text/javascript"></script>
</head>
<body>
<div id="content">
<h1>Class tests.AddContactTest</h1>
<div class="breadcrumbs">
<a href="../index.html">all</a> &gt; 
<a href="../packages/tests.html">tests</a> &gt; AddContactTest</div>
<div id="summary">
<table>
<tr>
<td>
<div class="summaryGroup">
<table>
<tr>
<td>
<div class="infoBox" id="tests">
<div class="counter">8</div>
<p>tests</p>
</div>
</td>
<td>
<div class="infoBox" id="failures">
<div class="counter">5</div>
<p>failures</p>
</div>
</td>
<td>
<div class="infoBox" id="ignored">
<div class="counter">0</div>
<p>ignored</p>
</div>
</td>
<td>
<div class="infoBox" id="duration">
<div class="counter">1m2.38s</div>
<p>duration</p>
</div>
</td>
</tr>
</table>
</div>
</td>
<td>
<div class="infoBox failures" id="successRate">
<div class="percent">37%</div>
<p>successful</p>
</div>
</td>
</tr>
</table>
</div>
<div id="tabs">
<ul class="tabLinks">
<li>
<a href="#tab0">Failed tests</a>
</li>
<li>
<a href="#tab1">Tests</a>
</li>
<li>
<a href="#tab2">Standard output</a>
</li>
</ul>
<div id="tab0" class="tab">
<h2>Failed tests</h2>
<div class="test">
<a name="addContactTestCSV[0](Contact(name=Mona, lastname=Dow, email=dow2@gmail.com, phone=9877776503, address=Haifa Herzel3, description=university friend))"></a>
<h3 class="failures">addContactTestCSV[0](Contact(name=Mona, lastname=Dow, email=dow2@gmail.com, phone=9877776503, address=Haifa Herzel3, description=university friend))</h3>
<span class="code">
<pre>java.lang.AssertionError: expected [true] but found [false]
	at org.testng.Assert.fail(Assert.java:97)
	at org.testng.Assert.failNotEquals(Assert.java:969)
	at org.testng.Assert.assertTrue(Assert.java:43)
	at org.testng.Assert.assertTrue(Assert.java:53)
	at tests.AddContactTest.addContactTestCSV(AddContactTest.java:43)
	at sun.reflect.NativeMethodAccessorImpl.invoke0(Native Method)
	at sun.reflect.NativeMethodAccessorImpl.invoke(NativeMethodAccessorImpl.java:62)
	at sun.reflect.DelegatingMethodAccessorImpl.invoke(DelegatingMethodAccessorImpl.java:43)
	at java.lang.reflect.Method.invoke(Method.java:498)
	at org.testng.internal.MethodInvocationHelper.invokeMethod(MethodInvocationHelper.java:134)
	at org.testng.internal.TestInvoker.invokeMethod(TestInvoker.java:597)
	at org.testng.internal.TestInvoker.invokeTestMethod(TestInvoker.java:173)
	at org.testng.internal.MethodRunner.runInSequence(MethodRunner.java:46)
	at org.testng.internal.TestInvoker$MethodInvocationAgent.invoke(TestInvoker.java:816)
	at org.testng.internal.TestInvoker.invokeTestMethods(TestInvoker.java:146)
	at org.testng.internal.TestMethodWorker.invokeTestMethods(TestMethodWorker.java:146)
	at org.testng.internal.TestMethodWorker.run(TestMethodWorker.java:128)
	at java.util.ArrayList.forEach(ArrayList.java:1255)
	at org.testng.TestRunner.privateRun(TestRunner.java:766)
	at org.testng.TestRunner.run(TestRunner.java:587)
	at org.testng.SuiteRunner.runTest(SuiteRunner.java:384)
	at org.testng.SuiteRunner.runSequentially(SuiteRunner.java:378)
	at org.testng.SuiteRunner.privateRun(SuiteRunner.java:337)
	at org.testng.SuiteRunner.run(SuiteRunner.java:286)
	at org.testng.SuiteRunnerWorker.runSuite(SuiteRunnerWorker.java:53)
	at org.testng.SuiteRunnerWorker.run(SuiteRunnerWorker.java:96)
	at org.testng.TestNG.runSuitesSequentially(TestNG.java:1187)
	at org.testng.TestNG.runSuitesLocally(TestNG.java:1109)
	at org.testng.TestNG.runSuites(TestNG.java:1039)
	at org.testng.TestNG.run(TestNG.java:1007)
	at org.gradle.api.internal.tasks.testing.testng.TestNGTestClassProcessor.runTests(TestNGTestClassProcessor.java:141)
	at org.gradle.api.internal.tasks.testing.testng.TestNGTestClassProcessor.stop(TestNGTestClassProcessor.java:90)
	at org.gradle.api.internal.tasks.testing.SuiteTestClassProcessor.stop(SuiteTestClassProcessor.java:61)
	at sun.reflect.NativeMethodAccessorImpl.invoke0(Native Method)
	at sun.reflect.NativeMethodAccessorImpl.invoke(NativeMethodAccessorImpl.java:62)
	at sun.reflect.DelegatingMethodAccessorImpl.invoke(DelegatingMethodAccessorImpl.java:43)
	at java.lang.reflect.Method.invoke(Method.java:498)
	at org.gradle.internal.dispatch.ReflectionDispatch.dispatch(ReflectionDispatch.java:36)
	at org.gradle.internal.dispatch.ReflectionDispatch.dispatch(ReflectionDispatch.java:24)
	at org.gradle.internal.dispatch.ContextClassLoaderDispatch.dispatch(ContextClassLoaderDispatch.java:33)
	at org.gradle.internal.dispatch.ProxyDispatchAdapter$DispatchingInvocationHandler.invoke(ProxyDispatchAdapter.java:94)
	at com.sun.proxy.$Proxy2.stop(Unknown Source)
	at org.gradle.api.internal.tasks.testing.worker.TestWorker.stop(TestWorker.java:133)
	at sun.reflect.NativeMethodAccessorImpl.invoke0(Native Method)
	at sun.reflect.NativeMethodAccessorImpl.invoke(NativeMethodAccessorImpl.java:62)
	at sun.reflect.DelegatingMethodAccessorImpl.invoke(DelegatingMethodAccessorImpl.java:43)
	at java.lang.reflect.Method.invoke(Method.java:498)
	at org.gradle.internal.dispatch.ReflectionDispatch.dispatch(ReflectionDispatch.java:36)
	at org.gradle.internal.dispatch.ReflectionDispatch.dispatch(ReflectionDispatch.java:24)
	at org.gradle.internal.remote.internal.hub.MessageHubBackedObjectConnection$DispatchWrapper.dispatch(MessageHubBackedObjectConnection.java:182)
	at org.gradle.internal.remote.internal.hub.MessageHubBackedObjectConnection$DispatchWrapper.dispatch(MessageHubBackedObjectConnection.java:164)
	at org.gradle.internal.remote.internal.hub.MessageHub$Handler.run(MessageHub.java:414)
	at org.gradle.internal.concurrent.ExecutorPolicy$CatchAndRecordFailures.onExecute(ExecutorPolicy.java:64)
	at org.gradle.internal.concurrent.ManagedExecutorImpl$1.run(ManagedExecutorImpl.java:48)
	at java.util.concurrent.ThreadPoolExecutor.runWorker(ThreadPoolExecutor.java:1149)
	at java.util.concurrent.ThreadPoolExecutor$Worker.run(ThreadPoolExecutor.java:624)
	at org.gradle.internal.concurrent.ThreadFactoryImpl$ManagedThreadRunnable.run(ThreadFactoryImpl.java:56)
	at java.lang.Thread.run(Thread.java:748)
</pre>
</span>
</div>
<div class="test">
<a name="addContactTestCSV[1](Contact(name=Mona, lastname=Dow, email=dow3@gmail.com, phone=9877776665, address=Haifa Herzel3, description=university friend))"></a>
<h3 class="failures">addContactTestCSV[1](Contact(name=Mona, lastname=Dow, email=dow3@gmail.com, phone=9877776665, address=Haifa Herzel3, description=university friend))</h3>
<span class="code">
<pre>java.lang.AssertionError: expected [true] but found [false]
	at org.testng.Assert.fail(Assert.java:97)
	at org.testng.Assert.failNotEquals(Assert.java:969)
	at org.testng.Assert.assertTrue(Assert.java:43)
	at org.testng.Assert.assertTrue(Assert.java:53)
	at tests.AddContactTest.addContactTestCSV(AddContactTest.java:43)
	at sun.reflect.NativeMethodAccessorImpl.invoke0(Native Method)
	at sun.reflect.NativeMethodAccessorImpl.invoke(NativeMethodAccessorImpl.java:62)
	at sun.reflect.DelegatingMethodAccessorImpl.invoke(DelegatingMethodAccessorImpl.java:43)
	at java.lang.reflect.Method.invoke(Method.java:498)
	at org.testng.internal.MethodInvocationHelper.invokeMethod(MethodInvocationHelper.java:134)
	at org.testng.internal.TestInvoker.invokeMethod(TestInvoker.java:597)
	at org.testng.internal.TestInvoker.invokeTestMethod(TestInvoker.java:173)
	at org.testng.internal.MethodRunner.runInSequence(MethodRunner.java:46)
	at org.testng.internal.TestInvoker$MethodInvocationAgent.invoke(TestInvoker.java:816)
	at org.testng.internal.TestInvoker.invokeTestMethods(TestInvoker.java:146)
	at org.testng.internal.TestMethodWorker.invokeTestMethods(TestMethodWorker.java:146)
	at org.testng.internal.TestMethodWorker.run(TestMethodWorker.java:128)
	at java.util.ArrayList.forEach(ArrayList.java:1255)
	at org.testng.TestRunner.privateRun(TestRunner.java:766)
	at org.testng.TestRunner.run(TestRunner.java:587)
	at org.testng.SuiteRunner.runTest(SuiteRunner.java:384)
	at org.testng.SuiteRunner.runSequentially(SuiteRunner.java:378)
	at org.testng.SuiteRunner.privateRun(SuiteRunner.java:337)
	at org.testng.SuiteRunner.run(SuiteRunner.java:286)
	at org.testng.SuiteRunnerWorker.runSuite(SuiteRunnerWorker.java:53)
	at org.testng.SuiteRunnerWorker.run(SuiteRunnerWorker.java:96)
	at org.testng.TestNG.runSuitesSequentially(TestNG.java:1187)
	at org.testng.TestNG.runSuitesLocally(TestNG.java:1109)
	at org.testng.TestNG.runSuites(TestNG.java:1039)
	at org.testng.TestNG.run(TestNG.java:1007)
	at org.gradle.api.internal.tasks.testing.testng.TestNGTestClassProcessor.runTests(TestNGTestClassProcessor.java:141)
	at org.gradle.api.internal.tasks.testing.testng.TestNGTestClassProcessor.stop(TestNGTestClassProcessor.java:90)
	at org.gradle.api.internal.tasks.testing.SuiteTestClassProcessor.stop(SuiteTestClassProcessor.java:61)
	at sun.reflect.NativeMethodAccessorImpl.invoke0(Native Method)
	at sun.reflect.NativeMethodAccessorImpl.invoke(NativeMethodAccessorImpl.java:62)
	at sun.reflect.DelegatingMethodAccessorImpl.invoke(DelegatingMethodAccessorImpl.java:43)
	at java.lang.reflect.Method.invoke(Method.java:498)
	at org.gradle.internal.dispatch.ReflectionDispatch.dispatch(ReflectionDispatch.java:36)
	at org.gradle.internal.dispatch.ReflectionDispatch.dispatch(ReflectionDispatch.java:24)
	at org.gradle.internal.dispatch.ContextClassLoaderDispatch.dispatch(ContextClassLoaderDispatch.java:33)
	at org.gradle.internal.dispatch.ProxyDispatchAdapter$DispatchingInvocationHandler.invoke(ProxyDispatchAdapter.java:94)
	at com.sun.proxy.$Proxy2.stop(Unknown Source)
	at org.gradle.api.internal.tasks.testing.worker.TestWorker.stop(TestWorker.java:133)
	at sun.reflect.NativeMethodAccessorImpl.invoke0(Native Method)
	at sun.reflect.NativeMethodAccessorImpl.invoke(NativeMethodAccessorImpl.java:62)
	at sun.reflect.DelegatingMethodAccessorImpl.invoke(DelegatingMethodAccessorImpl.java:43)
	at java.lang.reflect.Method.invoke(Method.java:498)
	at org.gradle.internal.dispatch.ReflectionDispatch.dispatch(ReflectionDispatch.java:36)
	at org.gradle.internal.dispatch.ReflectionDispatch.dispatch(ReflectionDispatch.java:24)
	at org.gradle.internal.remote.internal.hub.MessageHubBackedObjectConnection$DispatchWrapper.dispatch(MessageHubBackedObjectConnection.java:182)
	at org.gradle.internal.remote.internal.hub.MessageHubBackedObjectConnection$DispatchWrapper.dispatch(MessageHubBackedObjectConnection.java:164)
	at org.gradle.internal.remote.internal.hub.MessageHub$Handler.run(MessageHub.java:414)
	at org.gradle.internal.concurrent.ExecutorPolicy$CatchAndRecordFailures.onExecute(ExecutorPolicy.java:64)
	at org.gradle.internal.concurrent.ManagedExecutorImpl$1.run(ManagedExecutorImpl.java:48)
	at java.util.concurrent.ThreadPoolExecutor.runWorker(ThreadPoolExecutor.java:1149)
	at java.util.concurrent.ThreadPoolExecutor$Worker.run(ThreadPoolExecutor.java:624)
	at org.gradle.internal.concurrent.ThreadFactoryImpl$ManagedThreadRunnable.run(ThreadFactoryImpl.java:56)
	at java.lang.Thread.run(Thread.java:748)
</pre>
</span>
</div>
<div class="test">
<a name="addContactTestDataProvider[0](Mona, Dow, 9877776500, dow77@gmail.co, Haifa Herzel3, university friend)"></a>
<h3 class="failures">addContactTestDataProvider[0](Mona, Dow, 9877776500, dow77@gmail.co, Haifa Herzel3, university friend)</h3>
<span class="code">
<pre>java.lang.AssertionError: expected [true] but found [false]
	at org.testng.Assert.fail(Assert.java:97)
	at org.testng.Assert.failNotEquals(Assert.java:969)
	at org.testng.Assert.assertTrue(Assert.java:43)
	at org.testng.Assert.assertTrue(Assert.java:53)
	at tests.AddContactTest.addContactTestDataProvider(AddContactTest.java:62)
	at sun.reflect.NativeMethodAccessorImpl.invoke0(Native Method)
	at sun.reflect.NativeMethodAccessorImpl.invoke(NativeMethodAccessorImpl.java:62)
	at sun.reflect.DelegatingMethodAccessorImpl.invoke(DelegatingMethodAccessorImpl.java:43)
	at java.lang.reflect.Method.invoke(Method.java:498)
	at org.testng.internal.MethodInvocationHelper.invokeMethod(MethodInvocationHelper.java:134)
	at org.testng.internal.TestInvoker.invokeMethod(TestInvoker.java:597)
	at org.testng.internal.TestInvoker.invokeTestMethod(TestInvoker.java:173)
	at org.testng.internal.MethodRunner.runInSequence(MethodRunner.java:46)
	at org.testng.internal.TestInvoker$MethodInvocationAgent.invoke(TestInvoker.java:816)
	at org.testng.internal.TestInvoker.invokeTestMethods(TestInvoker.java:146)
	at org.testng.internal.TestMethodWorker.invokeTestMethods(TestMethodWorker.java:146)
	at org.testng.internal.TestMethodWorker.run(TestMethodWorker.java:128)
	at java.util.ArrayList.forEach(ArrayList.java:1255)
	at org.testng.TestRunner.privateRun(TestRunner.java:766)
	at org.testng.TestRunner.run(TestRunner.java:587)
	at org.testng.SuiteRunner.runTest(SuiteRunner.java:384)
	at org.testng.SuiteRunner.runSequentially(SuiteRunner.java:378)
	at org.testng.SuiteRunner.privateRun(SuiteRunner.java:337)
	at org.testng.SuiteRunner.run(SuiteRunner.java:286)
	at org.testng.SuiteRunnerWorker.runSuite(SuiteRunnerWorker.java:53)
	at org.testng.SuiteRunnerWorker.run(SuiteRunnerWorker.java:96)
	at org.testng.TestNG.runSuitesSequentially(TestNG.java:1187)
	at org.testng.TestNG.runSuitesLocally(TestNG.java:1109)
	at org.testng.TestNG.runSuites(TestNG.java:1039)
	at org.testng.TestNG.run(TestNG.java:1007)
	at org.gradle.api.internal.tasks.testing.testng.TestNGTestClassProcessor.runTests(TestNGTestClassProcessor.java:141)
	at org.gradle.api.internal.tasks.testing.testng.TestNGTestClassProcessor.stop(TestNGTestClassProcessor.java:90)
	at org.gradle.api.internal.tasks.testing.SuiteTestClassProcessor.stop(SuiteTestClassProcessor.java:61)
	at sun.reflect.NativeMethodAccessorImpl.invoke0(Native Method)
	at sun.reflect.NativeMethodAccessorImpl.invoke(NativeMethodAccessorImpl.java:62)
	at sun.reflect.DelegatingMethodAccessorImpl.invoke(DelegatingMethodAccessorImpl.java:43)
	at java.lang.reflect.Method.invoke(Method.java:498)
	at org.gradle.internal.dispatch.ReflectionDispatch.dispatch(ReflectionDispatch.java:36)
	at org.gradle.internal.dispatch.ReflectionDispatch.dispatch(ReflectionDispatch.java:24)
	at org.gradle.internal.dispatch.ContextClassLoaderDispatch.dispatch(ContextClassLoaderDispatch.java:33)
	at org.gradle.internal.dispatch.ProxyDispatchAdapter$DispatchingInvocationHandler.invoke(ProxyDispatchAdapter.java:94)
	at com.sun.proxy.$Proxy2.stop(Unknown Source)
	at org.gradle.api.internal.tasks.testing.worker.TestWorker.stop(TestWorker.java:133)
	at sun.reflect.NativeMethodAccessorImpl.invoke0(Native Method)
	at sun.reflect.NativeMethodAccessorImpl.invoke(NativeMethodAccessorImpl.java:62)
	at sun.reflect.DelegatingMethodAccessorImpl.invoke(DelegatingMethodAccessorImpl.java:43)
	at java.lang.reflect.Method.invoke(Method.java:498)
	at org.gradle.internal.dispatch.ReflectionDispatch.dispatch(ReflectionDispatch.java:36)
	at org.gradle.internal.dispatch.ReflectionDispatch.dispatch(ReflectionDispatch.java:24)
	at org.gradle.internal.remote.internal.hub.MessageHubBackedObjectConnection$DispatchWrapper.dispatch(MessageHubBackedObjectConnection.java:182)
	at org.gradle.internal.remote.internal.hub.MessageHubBackedObjectConnection$DispatchWrapper.dispatch(MessageHubBackedObjectConnection.java:164)
	at org.gradle.internal.remote.internal.hub.MessageHub$Handler.run(MessageHub.java:414)
	at org.gradle.internal.concurrent.ExecutorPolicy$CatchAndRecordFailures.onExecute(ExecutorPolicy.java:64)
	at org.gradle.internal.concurrent.ManagedExecutorImpl$1.run(ManagedExecutorImpl.java:48)
	at java.util.concurrent.ThreadPoolExecutor.runWorker(ThreadPoolExecutor.java:1149)
	at java.util.concurrent.ThreadPoolExecutor$Worker.run(ThreadPoolExecutor.java:624)
	at org.gradle.internal.concurrent.ThreadFactoryImpl$ManagedThreadRunnable.run(ThreadFactoryImpl.java:56)
	at java.lang.Thread.run(Thread.java:748)
</pre>
</span>
</div>
<div class="test">
<a name="addContactTestDataProvider[1](Mona, Dow, 9817776500, dow78@gmail.co, Haifa Herzel3, university friend)"></a>
<h3 class="failures">addContactTestDataProvider[1](Mona, Dow, 9817776500, dow78@gmail.co, Haifa Herzel3, university friend)</h3>
<span class="code">
<pre>java.lang.AssertionError: expected [true] but found [false]
	at org.testng.Assert.fail(Assert.java:97)
	at org.testng.Assert.failNotEquals(Assert.java:969)
	at org.testng.Assert.assertTrue(Assert.java:43)
	at org.testng.Assert.assertTrue(Assert.java:53)
	at tests.AddContactTest.addContactTestDataProvider(AddContactTest.java:62)
	at sun.reflect.NativeMethodAccessorImpl.invoke0(Native Method)
	at sun.reflect.NativeMethodAccessorImpl.invoke(NativeMethodAccessorImpl.java:62)
	at sun.reflect.DelegatingMethodAccessorImpl.invoke(DelegatingMethodAccessorImpl.java:43)
	at java.lang.reflect.Method.invoke(Method.java:498)
	at org.testng.internal.MethodInvocationHelper.invokeMethod(MethodInvocationHelper.java:134)
	at org.testng.internal.TestInvoker.invokeMethod(TestInvoker.java:597)
	at org.testng.internal.TestInvoker.invokeTestMethod(TestInvoker.java:173)
	at org.testng.internal.MethodRunner.runInSequence(MethodRunner.java:46)
	at org.testng.internal.TestInvoker$MethodInvocationAgent.invoke(TestInvoker.java:816)
	at org.testng.internal.TestInvoker.invokeTestMethods(TestInvoker.java:146)
	at org.testng.internal.TestMethodWorker.invokeTestMethods(TestMethodWorker.java:146)
	at org.testng.internal.TestMethodWorker.run(TestMethodWorker.java:128)
	at java.util.ArrayList.forEach(ArrayList.java:1255)
	at org.testng.TestRunner.privateRun(TestRunner.java:766)
	at org.testng.TestRunner.run(TestRunner.java:587)
	at org.testng.SuiteRunner.runTest(SuiteRunner.java:384)
	at org.testng.SuiteRunner.runSequentially(SuiteRunner.java:378)
	at org.testng.SuiteRunner.privateRun(SuiteRunner.java:337)
	at org.testng.SuiteRunner.run(SuiteRunner.java:286)
	at org.testng.SuiteRunnerWorker.runSuite(SuiteRunnerWorker.java:53)
	at org.testng.SuiteRunnerWorker.run(SuiteRunnerWorker.java:96)
	at org.testng.TestNG.runSuitesSequentially(TestNG.java:1187)
	at org.testng.TestNG.runSuitesLocally(TestNG.java:1109)
	at org.testng.TestNG.runSuites(TestNG.java:1039)
	at org.testng.TestNG.run(TestNG.java:1007)
	at org.gradle.api.internal.tasks.testing.testng.TestNGTestClassProcessor.runTests(TestNGTestClassProcessor.java:141)
	at org.gradle.api.internal.tasks.testing.testng.TestNGTestClassProcessor.stop(TestNGTestClassProcessor.java:90)
	at org.gradle.api.internal.tasks.testing.SuiteTestClassProcessor.stop(SuiteTestClassProcessor.java:61)
	at sun.reflect.NativeMethodAccessorImpl.invoke0(Native Method)
	at sun.reflect.NativeMethodAccessorImpl.invoke(NativeMethodAccessorImpl.java:62)
	at sun.reflect.DelegatingMethodAccessorImpl.invoke(DelegatingMethodAccessorImpl.java:43)
	at java.lang.reflect.Method.invoke(Method.java:498)
	at org.gradle.internal.dispatch.ReflectionDispatch.dispatch(ReflectionDispatch.java:36)
	at org.gradle.internal.dispatch.ReflectionDispatch.dispatch(ReflectionDispatch.java:24)
	at org.gradle.internal.dispatch.ContextClassLoaderDispatch.dispatch(ContextClassLoaderDispatch.java:33)
	at org.gradle.internal.dispatch.ProxyDispatchAdapter$DispatchingInvocationHandler.invoke(ProxyDispatchAdapter.java:94)
	at com.sun.proxy.$Proxy2.stop(Unknown Source)
	at org.gradle.api.internal.tasks.testing.worker.TestWorker.stop(TestWorker.java:133)
	at sun.reflect.NativeMethodAccessorImpl.invoke0(Native Method)
	at sun.reflect.NativeMethodAccessorImpl.invoke(NativeMethodAccessorImpl.java:62)
	at sun.reflect.DelegatingMethodAccessorImpl.invoke(DelegatingMethodAccessorImpl.java:43)
	at java.lang.reflect.Method.invoke(Method.java:498)
	at org.gradle.internal.dispatch.ReflectionDispatch.dispatch(ReflectionDispatch.java:36)
	at org.gradle.internal.dispatch.ReflectionDispatch.dispatch(ReflectionDispatch.java:24)
	at org.gradle.internal.remote.internal.hub.MessageHubBackedObjectConnection$DispatchWrapper.dispatch(MessageHubBackedObjectConnection.java:182)
	at org.gradle.internal.remote.internal.hub.MessageHubBackedObjectConnection$DispatchWrapper.dispatch(MessageHubBackedObjectConnection.java:164)
	at org.gradle.internal.remote.internal.hub.MessageHub$Handler.run(MessageHub.java:414)
	at org.gradle.internal.concurrent.ExecutorPolicy$CatchAndRecordFailures.onExecute(ExecutorPolicy.java:64)
	at org.gradle.internal.concurrent.ManagedExecutorImpl$1.run(ManagedExecutorImpl.java:48)
	at java.util.concurrent.ThreadPoolExecutor.runWorker(ThreadPoolExecutor.java:1149)
	at java.util.concurrent.ThreadPoolExecutor$Worker.run(ThreadPoolExecutor.java:624)
	at org.gradle.internal.concurrent.ThreadFactoryImpl$ManagedThreadRunnable.run(ThreadFactoryImpl.java:56)
	at java.lang.Thread.run(Thread.java:748)
</pre>
</span>
</div>
<div class="test">
<a name="addContactTestDataProvider[2](Mona, Dow, 9827776500, dow79@gmail.co, Haifa Herzel3, university friend)"></a>
<h3 class="failures">addContactTestDataProvider[2](Mona, Dow, 9827776500, dow79@gmail.co, Haifa Herzel3, university friend)</h3>
<span class="code">
<pre>java.lang.AssertionError: expected [true] but found [false]
	at org.testng.Assert.fail(Assert.java:97)
	at org.testng.Assert.failNotEquals(Assert.java:969)
	at org.testng.Assert.assertTrue(Assert.java:43)
	at org.testng.Assert.assertTrue(Assert.java:53)
	at tests.AddContactTest.addContactTestDataProvider(AddContactTest.java:62)
	at sun.reflect.NativeMethodAccessorImpl.invoke0(Native Method)
	at sun.reflect.NativeMethodAccessorImpl.invoke(NativeMethodAccessorImpl.java:62)
	at sun.reflect.DelegatingMethodAccessorImpl.invoke(DelegatingMethodAccessorImpl.java:43)
	at java.lang.reflect.Method.invoke(Method.java:498)
	at org.testng.internal.MethodInvocationHelper.invokeMethod(MethodInvocationHelper.java:134)
	at org.testng.internal.TestInvoker.invokeMethod(TestInvoker.java:597)
	at org.testng.internal.TestInvoker.invokeTestMethod(TestInvoker.java:173)
	at org.testng.internal.MethodRunner.runInSequence(MethodRunner.java:46)
	at org.testng.internal.TestInvoker$MethodInvocationAgent.invoke(TestInvoker.java:816)
	at org.testng.internal.TestInvoker.invokeTestMethods(TestInvoker.java:146)
	at org.testng.internal.TestMethodWorker.invokeTestMethods(TestMethodWorker.java:146)
	at org.testng.internal.TestMethodWorker.run(TestMethodWorker.java:128)
	at java.util.ArrayList.forEach(ArrayList.java:1255)
	at org.testng.TestRunner.privateRun(TestRunner.java:766)
	at org.testng.TestRunner.run(TestRunner.java:587)
	at org.testng.SuiteRunner.runTest(SuiteRunner.java:384)
	at org.testng.SuiteRunner.runSequentially(SuiteRunner.java:378)
	at org.testng.SuiteRunner.privateRun(SuiteRunner.java:337)
	at org.testng.SuiteRunner.run(SuiteRunner.java:286)
	at org.testng.SuiteRunnerWorker.runSuite(SuiteRunnerWorker.java:53)
	at org.testng.SuiteRunnerWorker.run(SuiteRunnerWorker.java:96)
	at org.testng.TestNG.runSuitesSequentially(TestNG.java:1187)
	at org.testng.TestNG.runSuitesLocally(TestNG.java:1109)
	at org.testng.TestNG.runSuites(TestNG.java:1039)
	at org.testng.TestNG.run(TestNG.java:1007)
	at org.gradle.api.internal.tasks.testing.testng.TestNGTestClassProcessor.runTests(TestNGTestClassProcessor.java:141)
	at org.gradle.api.internal.tasks.testing.testng.TestNGTestClassProcessor.stop(TestNGTestClassProcessor.java:90)
	at org.gradle.api.internal.tasks.testing.SuiteTestClassProcessor.stop(SuiteTestClassProcessor.java:61)
	at sun.reflect.NativeMethodAccessorImpl.invoke0(Native Method)
	at sun.reflect.NativeMethodAccessorImpl.invoke(NativeMethodAccessorImpl.java:62)
	at sun.reflect.DelegatingMethodAccessorImpl.invoke(DelegatingMethodAccessorImpl.java:43)
	at java.lang.reflect.Method.invoke(Method.java:498)
	at org.gradle.internal.dispatch.ReflectionDispatch.dispatch(ReflectionDispatch.java:36)
	at org.gradle.internal.dispatch.ReflectionDispatch.dispatch(ReflectionDispatch.java:24)
	at org.gradle.internal.dispatch.ContextClassLoaderDispatch.dispatch(ContextClassLoaderDispatch.java:33)
	at org.gradle.internal.dispatch.ProxyDispatchAdapter$DispatchingInvocationHandler.invoke(ProxyDispatchAdapter.java:94)
	at com.sun.proxy.$Proxy2.stop(Unknown Source)
	at org.gradle.api.internal.tasks.testing.worker.TestWorker.stop(TestWorker.java:133)
	at sun.reflect.NativeMethodAccessorImpl.invoke0(Native Method)
	at sun.reflect.NativeMethodAccessorImpl.invoke(NativeMethodAccessorImpl.java:62)
	at sun.reflect.DelegatingMethodAccessorImpl.invoke(DelegatingMethodAccessorImpl.java:43)
	at java.lang.reflect.Method.invoke(Method.java:498)
	at org.gradle.internal.dispatch.ReflectionDispatch.dispatch(ReflectionDispatch.java:36)
	at org.gradle.internal.dispatch.ReflectionDispatch.dispatch(ReflectionDispatch.java:24)
	at org.gradle.internal.remote.internal.hub.MessageHubBackedObjectConnection$DispatchWrapper.dispatch(MessageHubBackedObjectConnection.java:182)
	at org.gradle.internal.remote.internal.hub.MessageHubBackedObjectConnection$DispatchWrapper.dispatch(MessageHubBackedObjectConnection.java:164)
	at org.gradle.internal.remote.internal.hub.MessageHub$Handler.run(MessageHub.java:414)
	at org.gradle.internal.concurrent.ExecutorPolicy$CatchAndRecordFailures.onExecute(ExecutorPolicy.java:64)
	at org.gradle.internal.concurrent.ManagedExecutorImpl$1.run(ManagedExecutorImpl.java:48)
	at java.util.concurrent.ThreadPoolExecutor.runWorker(ThreadPoolExecutor.java:1149)
	at java.util.concurrent.ThreadPoolExecutor$Worker.run(ThreadPoolExecutor.java:624)
	at org.gradle.internal.concurrent.ThreadFactoryImpl$ManagedThreadRunnable.run(ThreadFactoryImpl.java:56)
	at java.lang.Thread.run(Thread.java:748)
</pre>
</span>
</div>
</div>
<div id="tab1" class="tab">
<h2>Tests</h2>
<table>
<thead>
<tr>
<th>Test</th>
<th>Duration</th>
<th>Result</th>
</tr>
</thead>
<tr>
<td class="success">addContactTestBase</td>
<td class="success">1.408s</td>
<td class="success">passed</td>
</tr>
<tr>
<td class="success">addContactTestBase</td>
<td class="success">1.733s</td>
<td class="success">passed</td>
</tr>
<tr>
<td class="success">addContactTestBase</td>
<td class="success">1.563s</td>
<td class="success">passed</td>
</tr>
<tr>
<td class="failures">addContactTestCSV[0](Contact(name=Mona, lastname=Dow, email=dow2@gmail.com, phone=9877776503, address=Haifa Herzel3, description=university friend))</td>
<td class="failures">11.096s</td>
<td class="failures">failed</td>
</tr>
<tr>
<td class="failures">addContactTestCSV[1](Contact(name=Mona, lastname=Dow, email=dow3@gmail.com, phone=9877776665, address=Haifa Herzel3, description=university friend))</td>
<td class="failures">11.842s</td>
<td class="failures">failed</td>
</tr>
<tr>
<td class="failures">addContactTestDataProvider[0](Mona, Dow, 9877776500, dow77@gmail.co, Haifa Herzel3, university friend)</td>
<td class="failures">11.568s</td>
<td class="failures">failed</td>
</tr>
<tr>
<td class="failures">addContactTestDataProvider[1](Mona, Dow, 9817776500, dow78@gmail.co, Haifa Herzel3, university friend)</td>
<td class="failures">11.644s</td>
<td class="failures">failed</td>
</tr>
<tr>
<td class="failures">addContactTestDataProvider[2](Mona, Dow, 9827776500, dow79@gmail.co, Haifa Herzel3, university friend)</td>
<td class="failures">11.523s</td>
<td class="failures">failed</td>
</tr>
</table>
</div>
<div id="tab2" class="tab">
<h2>Standard output</h2>
<span class="code">
<pre>17:47:48.308  INFO  tests.TestBase - Start method --&gt;addContactTestBase
17:47:48.310  INFO  tests.TestBase - Test Start with Data --&gt;[]
17:47:48.311  INFO  tests.TestBase - ==================================================================
17:47:48.313  INFO  manager.MyListener - Start find element by --&gt;By.xpath: //button[text()='Sign Out']
17:47:58.331  INFO  manager.MyListener - The element --&gt;By.xpath: //button[text()='Sign Out']was found
17:47:58.332  INFO  manager.MyListener - Start find element by --&gt;By.xpath: //a[.='LOGIN']
17:47:58.349  INFO  manager.MyListener - The element --&gt;By.xpath: //a[.='LOGIN']was found
17:47:58.432  INFO  manager.MyListener - Start find element by --&gt;By.xpath: //input[1]
17:47:58.447  INFO  manager.MyListener - The element --&gt;By.xpath: //input[1]was found
17:47:58.716  INFO  manager.MyListener - Start find element by --&gt;By.xpath: //input[2]
17:47:58.729  INFO  manager.MyListener - The element --&gt;By.xpath: //input[2]was found
17:47:58.840  INFO  manager.MyListener - Start find element by --&gt;By.xpath: //button[1]
17:47:58.852  INFO  manager.MyListener - The element --&gt;By.xpath: //button[1]was found
17:47:59.922  INFO  manager.MyListener - Start find element by --&gt;By.xpath: //a[.='ADD']
17:47:59.935  INFO  manager.MyListener - The element --&gt;By.xpath: //a[.='ADD']was found
17:48:00.055  INFO  manager.MyListener - Start find element by --&gt;By.cssSelector: [placeholder='Name']
17:48:00.069  INFO  manager.MyListener - The element --&gt;By.cssSelector: [placeholder='Name']was found
17:48:00.276  INFO  manager.MyListener - Start find element by --&gt;By.cssSelector: [placeholder='Last Name']
17:48:00.300  INFO  manager.MyListener - The element --&gt;By.cssSelector: [placeholder='Last Name']was found
17:48:00.398  INFO  manager.MyListener - Start find element by --&gt;By.cssSelector: [placeholder='Phone']
17:48:00.420  INFO  manager.MyListener - The element --&gt;By.cssSelector: [placeholder='Phone']was found
17:48:00.558  INFO  manager.MyListener - Start find element by --&gt;By.cssSelector: [placeholder='email']
17:48:00.581  INFO  manager.MyListener - The element --&gt;By.cssSelector: [placeholder='email']was found
17:48:00.726  INFO  manager.MyListener - Start find element by --&gt;By.cssSelector: [placeholder='Address']
17:48:00.740  INFO  manager.MyListener - The element --&gt;By.cssSelector: [placeholder='Address']was found
17:48:00.847  INFO  manager.MyListener - Start find element by --&gt;By.cssSelector: [placeholder='description']
17:48:00.866  INFO  manager.MyListener - The element --&gt;By.cssSelector: [placeholder='description']was found
17:48:00.987  INFO  manager.MyListener - Start find element by --&gt;By.xpath: //button/b
17:48:01.009  INFO  manager.MyListener - The element --&gt;By.xpath: //button/bwas found
17:48:01.113  INFO  manager.MyListener - Start find element by --&gt;By.xpath: //h3
17:48:01.362  INFO  manager.MyListener - The element --&gt;By.xpath: //h3was found
123456287917:48:01.483  INFO  tests.TestBase - End of method --&gt;addContactTestBase
17:48:01.484  INFO  tests.TestBase - Start method --&gt;addContactTestBase
17:48:01.484  INFO  tests.TestBase - Test Start with Data --&gt;[]
17:48:01.484  INFO  tests.TestBase - ==================================================================
17:48:01.485  INFO  manager.MyListener - Start find element by --&gt;By.xpath: //button[text()='Sign Out']
17:48:01.498  INFO  manager.MyListener - The element --&gt;By.xpath: //button[text()='Sign Out']was found
17:48:01.499  INFO  manager.MyListener - Start find element by --&gt;By.xpath: //a[.='ADD']
17:48:01.507  INFO  manager.MyListener - The element --&gt;By.xpath: //a[.='ADD']was found
17:48:01.578  INFO  manager.MyListener - Start find element by --&gt;By.cssSelector: [placeholder='Name']
17:48:01.587  INFO  manager.MyListener - The element --&gt;By.cssSelector: [placeholder='Name']was found
17:48:01.825  INFO  manager.MyListener - Start find element by --&gt;By.cssSelector: [placeholder='Last Name']
17:48:01.835  INFO  manager.MyListener - The element --&gt;By.cssSelector: [placeholder='Last Name']was found
17:48:01.925  INFO  manager.MyListener - Start find element by --&gt;By.cssSelector: [placeholder='Phone']
17:48:01.934  INFO  manager.MyListener - The element --&gt;By.cssSelector: [placeholder='Phone']was found
17:48:02.109  INFO  manager.MyListener - Start find element by --&gt;By.cssSelector: [placeholder='email']
17:48:02.125  INFO  manager.MyListener - The element --&gt;By.cssSelector: [placeholder='email']was found
17:48:02.347  INFO  manager.MyListener - Start find element by --&gt;By.cssSelector: [placeholder='Address']
17:48:02.367  INFO  manager.MyListener - The element --&gt;By.cssSelector: [placeholder='Address']was found
17:48:02.477  INFO  manager.MyListener - Start find element by --&gt;By.cssSelector: [placeholder='description']
17:48:02.491  INFO  manager.MyListener - The element --&gt;By.cssSelector: [placeholder='description']was found
17:48:02.763  INFO  manager.MyListener - Start find element by --&gt;By.xpath: //button/b
17:48:02.784  INFO  manager.MyListener - The element --&gt;By.xpath: //button/bwas found
17:48:02.868  INFO  manager.MyListener - Start find element by --&gt;By.xpath: //h3
17:48:03.116  INFO  manager.MyListener - The element --&gt;By.xpath: //h3was found
123456288117:48:03.232  INFO  tests.TestBase - End of method --&gt;addContactTestBase
17:48:03.233  INFO  tests.TestBase - Start method --&gt;addContactTestBase
17:48:03.233  INFO  tests.TestBase - Test Start with Data --&gt;[]
17:48:03.233  INFO  tests.TestBase - ==================================================================
17:48:03.233  INFO  manager.MyListener - Start find element by --&gt;By.xpath: //button[text()='Sign Out']
17:48:03.241  INFO  manager.MyListener - The element --&gt;By.xpath: //button[text()='Sign Out']was found
17:48:03.241  INFO  manager.MyListener - Start find element by --&gt;By.xpath: //a[.='ADD']
17:48:03.257  INFO  manager.MyListener - The element --&gt;By.xpath: //a[.='ADD']was found
17:48:03.303  INFO  manager.MyListener - Start find element by --&gt;By.cssSelector: [placeholder='Name']
17:48:03.325  INFO  manager.MyListener - The element --&gt;By.cssSelector: [placeholder='Name']was found
17:48:03.481  INFO  manager.MyListener - Start find element by --&gt;By.cssSelector: [placeholder='Last Name']
17:48:03.508  INFO  manager.MyListener - The element --&gt;By.cssSelector: [placeholder='Last Name']was found
17:48:03.611  INFO  manager.MyListener - Start find element by --&gt;By.cssSelector: [placeholder='Phone']
17:48:03.625  INFO  manager.MyListener - The element --&gt;By.cssSelector: [placeholder='Phone']was found
17:48:03.751  INFO  manager.MyListener - Start find element by --&gt;By.cssSelector: [placeholder='email']
17:48:03.766  INFO  manager.MyListener - The element --&gt;By.cssSelector: [placeholder='email']was found
17:48:03.932  INFO  manager.MyListener - Start find element by --&gt;By.cssSelector: [placeholder='Address']
17:48:03.946  INFO  manager.MyListener - The element --&gt;By.cssSelector: [placeholder='Address']was found
17:48:04.052  INFO  manager.MyListener - Start find element by --&gt;By.cssSelector: [placeholder='description']
17:48:04.079  INFO  manager.MyListener - The element --&gt;By.cssSelector: [placeholder='description']was found
17:48:04.195  INFO  manager.MyListener - Start find element by --&gt;By.xpath: //button/b
17:48:04.208  INFO  manager.MyListener - The element --&gt;By.xpath: //button/bwas found
17:48:04.278  INFO  manager.MyListener - Start find element by --&gt;By.xpath: //h3
17:48:04.514  INFO  manager.MyListener - The element --&gt;By.xpath: //h3was found
123456288317:48:04.650  INFO  tests.TestBase - End of method --&gt;addContactTestBase
17:48:04.657  INFO  tests.TestBase - Start method --&gt;addContactTestCSV
17:48:04.657  INFO  tests.TestBase - Test Start with Data --&gt;[Contact(name=Mona, lastname=Dow, email=dow2@gmail.com, phone=9877776503, address=Haifa Herzel3, description=university friend)]
17:48:04.657  INFO  tests.TestBase - ==================================================================
17:48:04.658  INFO  manager.MyListener - Start find element by --&gt;By.xpath: //button[text()='Sign Out']
17:48:04.666  INFO  manager.MyListener - The element --&gt;By.xpath: //button[text()='Sign Out']was found
17:48:04.667  INFO  manager.MyListener - Start find element by --&gt;By.xpath: //a[.='ADD']
17:48:04.674  INFO  manager.MyListener - The element --&gt;By.xpath: //a[.='ADD']was found
17:48:04.717  INFO  manager.MyListener - Start find element by --&gt;By.cssSelector: [placeholder='Name']
17:48:04.727  INFO  manager.MyListener - The element --&gt;By.cssSelector: [placeholder='Name']was found
17:48:04.930  INFO  manager.MyListener - Start find element by --&gt;By.cssSelector: [placeholder='Last Name']
17:48:04.944  INFO  manager.MyListener - The element --&gt;By.cssSelector: [placeholder='Last Name']was found
17:48:05.054  INFO  manager.MyListener - Start find element by --&gt;By.cssSelector: [placeholder='Phone']
17:48:05.063  INFO  manager.MyListener - The element --&gt;By.cssSelector: [placeholder='Phone']was found
17:48:05.184  INFO  manager.MyListener - Start find element by --&gt;By.cssSelector: [placeholder='email']
17:48:05.195  INFO  manager.MyListener - The element --&gt;By.cssSelector: [placeholder='email']was found
17:48:05.367  INFO  manager.MyListener - Start find element by --&gt;By.cssSelector: [placeholder='Address']
17:48:05.380  INFO  manager.MyListener - The element --&gt;By.cssSelector: [placeholder='Address']was found
17:48:05.494  INFO  manager.MyListener - Start find element by --&gt;By.cssSelector: [placeholder='description']
17:48:05.504  INFO  manager.MyListener - The element --&gt;By.cssSelector: [placeholder='description']was found
17:48:05.629  INFO  manager.MyListener - Start find element by --&gt;By.xpath: //button/b
17:48:05.639  INFO  manager.MyListener - The element --&gt;By.xpath: //button/bwas found
17:48:05.736  INFO  manager.MyListener - Start find element by --&gt;By.xpath: //h3
17:48:15.760  INFO  manager.MyListener - The element --&gt;By.xpath: //h3was found
17:48:15.765  INFO  tests.TestBase - End of method --&gt;addContactTestCSV
17:48:15.766  INFO  tests.TestBase - Start method --&gt;addContactTestCSV
17:48:15.767  INFO  tests.TestBase - Test Start with Data --&gt;[Contact(name=Mona, lastname=Dow, email=dow3@gmail.com, phone=9877776665, address=Haifa Herzel3, description=university friend)]
17:48:15.767  INFO  tests.TestBase - ==================================================================
17:48:15.768  INFO  manager.MyListener - Start find element by --&gt;By.xpath: //button[text()='Sign Out']
17:48:15.829  INFO  manager.MyListener - The element --&gt;By.xpath: //button[text()='Sign Out']was found
17:48:15.830  INFO  manager.MyListener - Start find element by --&gt;By.xpath: //a[.='ADD']
17:48:15.859  INFO  manager.MyListener - The element --&gt;By.xpath: //a[.='ADD']was found
17:48:15.965  INFO  manager.MyListener - Start find element by --&gt;By.cssSelector: [placeholder='Name']
17:48:15.983  INFO  manager.MyListener - The element --&gt;By.cssSelector: [placeholder='Name']was found
17:48:16.261  INFO  manager.MyListener - Start find element by --&gt;By.cssSelector: [placeholder='Last Name']
17:48:16.273  INFO  manager.MyListener - The element --&gt;By.cssSelector: [placeholder='Last Name']was found
17:48:16.465  INFO  manager.MyListener - Start find element by --&gt;By.cssSelector: [placeholder='Phone']
17:48:16.510  INFO  manager.MyListener - The element --&gt;By.cssSelector: [placeholder='Phone']was found
17:48:16.779  INFO  manager.MyListener - Start find element by --&gt;By.cssSelector: [placeholder='email']
17:48:16.799  INFO  manager.MyListener - The element --&gt;By.cssSelector: [placeholder='email']was found
17:48:17.065  INFO  manager.MyListener - Start find element by --&gt;By.cssSelector: [placeholder='Address']
17:48:17.090  INFO  manager.MyListener - The element --&gt;By.cssSelector: [placeholder='Address']was found
17:48:17.316  INFO  manager.MyListener - Start find element by --&gt;By.cssSelector: [placeholder='description']
17:48:17.330  INFO  manager.MyListener - The element --&gt;By.cssSelector: [placeholder='description']was found
17:48:17.577  INFO  manager.MyListener - Start find element by --&gt;By.xpath: //button/b
17:48:17.590  INFO  manager.MyListener - The element --&gt;By.xpath: //button/bwas found
17:48:17.659  INFO  manager.MyListener - Start find element by --&gt;By.xpath: //h3
17:48:27.671  INFO  manager.MyListener - The element --&gt;By.xpath: //h3was found
17:48:27.674  INFO  tests.TestBase - End of method --&gt;addContactTestCSV
17:48:27.677  INFO  tests.TestBase - Start method --&gt;addContactTestDataProvider
17:48:27.677  INFO  tests.TestBase - Test Start with Data --&gt;[Mona, Dow, 9877776500, dow77@gmail.co, Haifa Herzel3, university friend]
17:48:27.677  INFO  tests.TestBase - ==================================================================
17:48:27.678  INFO  manager.MyListener - Start find element by --&gt;By.xpath: //button[text()='Sign Out']
17:48:27.693  INFO  manager.MyListener - The element --&gt;By.xpath: //button[text()='Sign Out']was found
17:48:27.693  INFO  manager.MyListener - Start find element by --&gt;By.xpath: //a[.='ADD']
17:48:27.703  INFO  manager.MyListener - The element --&gt;By.xpath: //a[.='ADD']was found
17:48:27.760  INFO  manager.MyListener - Start find element by --&gt;By.cssSelector: [placeholder='Name']
17:48:27.789  INFO  manager.MyListener - The element --&gt;By.cssSelector: [placeholder='Name']was found
17:48:27.983  INFO  manager.MyListener - Start find element by --&gt;By.cssSelector: [placeholder='Last Name']
17:48:27.998  INFO  manager.MyListener - The element --&gt;By.cssSelector: [placeholder='Last Name']was found
17:48:28.190  INFO  manager.MyListener - Start find element by --&gt;By.cssSelector: [placeholder='Phone']
17:48:28.199  INFO  manager.MyListener - The element --&gt;By.cssSelector: [placeholder='Phone']was found
17:48:28.400  INFO  manager.MyListener - Start find element by --&gt;By.cssSelector: [placeholder='email']
17:48:28.417  INFO  manager.MyListener - The element --&gt;By.cssSelector: [placeholder='email']was found
17:48:28.622  INFO  manager.MyListener - Start find element by --&gt;By.cssSelector: [placeholder='Address']
17:48:28.633  INFO  manager.MyListener - The element --&gt;By.cssSelector: [placeholder='Address']was found
17:48:28.873  INFO  manager.MyListener - Start find element by --&gt;By.cssSelector: [placeholder='description']
17:48:28.882  INFO  manager.MyListener - The element --&gt;By.cssSelector: [placeholder='description']was found
17:48:29.132  INFO  manager.MyListener - Start find element by --&gt;By.xpath: //button/b
17:48:29.146  INFO  manager.MyListener - The element --&gt;By.xpath: //button/bwas found
17:48:29.184  INFO  manager.MyListener - Start find element by --&gt;By.xpath: //h3
17:48:39.261  INFO  manager.MyListener - The element --&gt;By.xpath: //h3was found
17:48:39.264  INFO  tests.TestBase - End of method --&gt;addContactTestDataProvider
17:48:39.266  INFO  tests.TestBase - Start method --&gt;addContactTestDataProvider
17:48:39.266  INFO  tests.TestBase - Test Start with Data --&gt;[Mona, Dow, 9817776500, dow78@gmail.co, Haifa Herzel3, university friend]
17:48:39.266  INFO  tests.TestBase - ==================================================================
17:48:39.267  INFO  manager.MyListener - Start find element by --&gt;By.xpath: //button[text()='Sign Out']
17:48:39.285  INFO  manager.MyListener - The element --&gt;By.xpath: //button[text()='Sign Out']was found
17:48:39.286  INFO  manager.MyListener - Start find element by --&gt;By.xpath: //a[.='ADD']
17:48:39.299  INFO  manager.MyListener - The element --&gt;By.xpath: //a[.='ADD']was found
17:48:39.335  INFO  manager.MyListener - Start find element by --&gt;By.cssSelector: [placeholder='Name']
17:48:39.363  INFO  manager.MyListener - The element --&gt;By.cssSelector: [placeholder='Name']was found
17:48:39.612  INFO  manager.MyListener - Start find element by --&gt;By.cssSelector: [placeholder='Last Name']
17:48:39.624  INFO  manager.MyListener - The element --&gt;By.cssSelector: [placeholder='Last Name']was found
17:48:39.815  INFO  manager.MyListener - Start find element by --&gt;By.cssSelector: [placeholder='Phone']
17:48:39.826  INFO  manager.MyListener - The element --&gt;By.cssSelector: [placeholder='Phone']was found
17:48:40.029  INFO  manager.MyListener - Start find element by --&gt;By.cssSelector: [placeholder='email']
17:48:40.040  INFO  manager.MyListener - The element --&gt;By.cssSelector: [placeholder='email']was found
17:48:40.280  INFO  manager.MyListener - Start find element by --&gt;By.cssSelector: [placeholder='Address']
17:48:40.295  INFO  manager.MyListener - The element --&gt;By.cssSelector: [placeholder='Address']was found
17:48:40.525  INFO  manager.MyListener - Start find element by --&gt;By.cssSelector: [placeholder='description']
17:48:40.534  INFO  manager.MyListener - The element --&gt;By.cssSelector: [placeholder='description']was found
17:48:40.764  INFO  manager.MyListener - Start find element by --&gt;By.xpath: //button/b
17:48:40.782  INFO  manager.MyListener - The element --&gt;By.xpath: //button/bwas found
17:48:40.869  INFO  manager.MyListener - Start find element by --&gt;By.xpath: //h3
17:48:50.930  INFO  manager.MyListener - The element --&gt;By.xpath: //h3was found
17:48:50.931  INFO  tests.TestBase - End of method --&gt;addContactTestDataProvider
17:48:50.932  INFO  tests.TestBase - Start method --&gt;addContactTestDataProvider
17:48:50.932  INFO  tests.TestBase - Test Start with Data --&gt;[Mona, Dow, 9827776500, dow79@gmail.co, Haifa Herzel3, university friend]
17:48:50.932  INFO  tests.TestBase - ==================================================================
17:48:50.933  INFO  manager.MyListener - Start find element by --&gt;By.xpath: //button[text()='Sign Out']
17:48:50.965  INFO  manager.MyListener - The element --&gt;By.xpath: //button[text()='Sign Out']was found
17:48:50.966  INFO  manager.MyListener - Start find element by --&gt;By.xpath: //a[.='ADD']
17:48:50.979  INFO  manager.MyListener - The element --&gt;By.xpath: //a[.='ADD']was found
17:48:51.029  INFO  manager.MyListener - Start find element by --&gt;By.cssSelector: [placeholder='Name']
17:48:51.045  INFO  manager.MyListener - The element --&gt;By.cssSelector: [placeholder='Name']was found
17:48:51.294  INFO  manager.MyListener - Start find element by --&gt;By.cssSelector: [placeholder='Last Name']
17:48:51.313  INFO  manager.MyListener - The element --&gt;By.cssSelector: [placeholder='Last Name']was found
17:48:51.499  INFO  manager.MyListener - Start find element by --&gt;By.cssSelector: [placeholder='Phone']
17:48:51.514  INFO  manager.MyListener - The element --&gt;By.cssSelector: [placeholder='Phone']was found
17:48:51.730  INFO  manager.MyListener - Start find element by --&gt;By.cssSelector: [placeholder='email']
17:48:51.742  INFO  manager.MyListener - The element --&gt;By.cssSelector: [placeholder='email']was found
17:48:51.985  INFO  manager.MyListener - Start find element by --&gt;By.cssSelector: [placeholder='Address']
17:48:52.004  INFO  manager.MyListener - The element --&gt;By.cssSelector: [placeholder='Address']was found
17:48:52.174  INFO  manager.MyListener - Start find element by --&gt;By.cssSelector: [placeholder='description']
17:48:52.183  INFO  manager.MyListener - The element --&gt;By.cssSelector: [placeholder='description']was found
17:48:52.384  INFO  manager.MyListener - Start find element by --&gt;By.xpath: //button/b
17:48:52.395  INFO  manager.MyListener - The element --&gt;By.xpath: //button/bwas found
17:48:52.418  INFO  manager.MyListener - Start find element by --&gt;By.xpath: //h3
17:49:02.488  INFO  manager.MyListener - The element --&gt;By.xpath: //h3was found
17:49:02.490  INFO  tests.TestBase - End of method --&gt;addContactTestDataProvider
</pre>
</span>
</div>
</div>
<div id="footer">
<p>
<div>
<label class="hidden" id="label-for-line-wrapping-toggle" for="line-wrapping-toggle">Wrap lines
<input id="line-wrapping-toggle" type="checkbox" autocomplete="off"/>
</label>
</div>Generated by 
<a href="http://www.gradle.org">Gradle 6.8</a> at Aug 12, 2021 5:50:38 PM</p>
</div>
</div>
</body>
</html>
